<?xml version="1.0" encoding="UTF-8"?>
<testng-results ignored="0" total="1" passed="1" failed="0" skipped="0">
  <reporter-output>
  </reporter-output>
  <suite started-at="2024-02-26T00:12:41 EST" name="Default suite" finished-at="2024-02-26T00:12:56 EST" duration-ms="14635">
    <groups>
      <group name="cucumber">
        <method signature="AbstractTestNGCucumberTests.runScenario(io.cucumber.testng.PickleWrapper,io.cucumber.testng.FeatureWrapper)[pri:0, instance:com.salesforce.runnerfile.LoginRunner@5fb759d6]" name="runScenario" class="io.cucumber.testng.AbstractTestNGCucumberTests"/>
      </group> <!-- cucumber -->
    </groups>
    <test started-at="2024-02-26T00:12:41 EST" name="Default test" finished-at="2024-02-26T00:12:56 EST" duration-ms="14635">
      <class name="com.salesforce.runnerfile.LoginRunner">
        <test-method is-config="true" signature="setUpClass(org.testng.ITestContext)[pri:0, instance:com.salesforce.runnerfile.LoginRunner@5fb759d6]" started-at="2024-02-26T00:12:41 EST" name="setUpClass" finished-at="2024-02-26T00:12:42 EST" duration-ms="647" status="PASS">
          <params>
            <param index="0">
              <value>
                <![CDATA[org.testng.TestRunner@1653b84e]]>
              </value>
            </param>
          </params>
          <reporter-output>
          </reporter-output>
        </test-method> <!-- setUpClass -->
        <test-method signature="runScenario(io.cucumber.testng.PickleWrapper,io.cucumber.testng.FeatureWrapper)[pri:0, instance:com.salesforce.runnerfile.LoginRunner@5fb759d6]" started-at="2024-02-26T00:12:42 EST" name="runScenario" description="Runs Cucumber Scenarios" data-provider="scenarios" finished-at="2024-02-26T00:12:56 EST" duration-ms="13917" status="PASS">
          <params>
            <param index="0">
              <value>
                <![CDATA["TC21 Select lead view"]]>
              </value>
            </param>
            <param index="1">
              <value>
                <![CDATA["LeadsTab testcases"]]>
              </value>
            </param>
          </params>
          <reporter-output>
          </reporter-output>
        </test-method> <!-- runScenario -->
        <test-method is-config="true" signature="tearDownClass()[pri:0, instance:com.salesforce.runnerfile.LoginRunner@5fb759d6]" started-at="2024-02-26T00:12:56 EST" name="tearDownClass" finished-at="2024-02-26T00:12:56 EST" duration-ms="38" status="PASS">
          <reporter-output>
          </reporter-output>
        </test-method> <!-- tearDownClass -->
      </class> <!-- com.salesforce.runnerfile.LoginRunner -->
    </test> <!-- Default test -->
  </suite> <!-- Default suite -->
</testng-results>
