<?xml version="1.0" encoding="UTF-8"?>
<!-- Generated by org.testng.reporters.JUnitReportReporter -->
<testsuite hostname="KanishkaPrabhu" failures="0" tests="1" name="com.salesforce.runnerfile.LeadsRunner" time="11.390" errors="1" timestamp="2024-02-25T13:26:18 EST" skipped="0">
  <testcase classname="com.salesforce.runnerfile.LeadsRunner" name="runScenario" time="11.390">
    <error type="java.lang.NullPointerException">
      <![CDATA[java.lang.NullPointerException
at com.salesforce.stepdef.LeadsStepDefination.i_clicked_the_leads_tab(LeadsStepDefination.java:37)
at ✽.i clicked the leads tab(file:///C:/Work/EclipseWS/CucumberAutomationFrameworkPOM/src/test/resources/features/leads.feature:13)
]]>
    </error>
  </testcase> <!-- runScenario -->
</testsuite> <!-- com.salesforce.runnerfile.LeadsRunner -->
